INFO:root:Received load command with {'src_file': '/home/scala/tier/track_events.json', 'dst_table': 'track_events_json', 'chunk': '50000'}
INFO:root:'load'  171031.27 ms
INFO:root:Received load command with {'src_file': '/home/scala/tier/track_events.json', 'dst_table': 'track_events_json', 'chunk': '20000'}
INFO:root:'load'  167933.82 ms
INFO:root:Received load command with {'src_file': '/home/scala/tier/track_events.json', 'dst_table': 'track_events_json', 'chunk': '10000'}
INFO:root:'load'  175923.87 ms
INFO:root:Received load command with {'src_file': '/home/scala/tier/track_events.json', 'dst_table': 'track_events_json', 'chunk': '100000'}
INFO:root:'load'  176537.98 ms
INFO:root:Received load command with {'src_file': '/home/scala/tier/track_events.json', 'dst_table': 'track_events_json', 'chunk': '1000'}
INFO:root:'load'  180021.00 ms
INFO:root:Received seed command with {'dst_table': 'track_events_json'}
INFO:root:Seeded table track_events_json in the database
INFO:root:'load'  40.97 ms
INFO:root:Received seed command with {'dst_table': 'track_events_json'}
INFO:root:Seeded table track_events_json in the database
INFO:root:'load'  17.93 ms
INFO:root:Received load command with {'src_file': '/home/scala/tier/track_events.json', 'dst_table': 'track_events_json', 'chunk': '40000'}
INFO:root:Data load success into table track_events_json
INFO:root:'load'  171924.07 ms
INFO:root:Received seed command with {'dst_table': 'track_events_json'}
INFO:root:Seeded table track_events_json in the database
INFO:root:'load'  18.90 ms
INFO:root:Received load command with {'src_file': '/home/scala/tier/track_events.json', 'dst_table': 'track_events_json', 'chunk': '200000'}
INFO:root:Data load success into table track_events_json
INFO:root:'load'  179116.82 ms
INFO:root:Received seed command with {'dst_table': 'track_events_json'}
INFO:root:Seeded table track_events_json in the database
INFO:root:'load'  17.68 ms
INFO:root:Received load command with {'src_file': '/home/scala/tier/track_events.json', 'dst_table': 'track_events_json', 'chunk': '500'}
INFO:root:Data load success into table track_events_json
INFO:root:'load'  189097.02 ms
INFO:root:Received seed command with {'dst_table': 'track_events_json'}
INFO:root:Seeded table track_events_json in the database
INFO:root:'load'  17.07 ms
INFO:root:Received load command with {'src_file': '/home/scala/tier/track_events.json', 'dst_table': 'track_events_json', 'chunk': '1'}
INFO:root:Received seed command with {'dst_table': 'track_events_json'}
INFO:root:Seeded table track_events_json in the database
INFO:root:'load'  17.21 ms
INFO:root:Received load command with {'src_file': '/home/scala/tier/track_events.json', 'dst_table': 'track_events_json', 'chunk': '10000'}
ERROR:root:INSERT has more expressions than target columns
LINE 1: ...00", "segment_tracks.properties_rating": null}'),('{"segment...
                                                             ^

INFO:root:Received load command with {'src_file': '/home/scala/tier/track_events.json', 'dst_table': 'track_events_json', 'chunk': '10000'}
ERROR:root:INSERT has more expressions than target columns
LINE 1: ...00", "segment_tracks.properties_rating": null}'),('{"segment...
                                                             ^

INFO:root:Received load command with {'src_file': '/home/scala/tier/track_events.json', 'dst_table': 'track_events_json', 'chunk': '10000'}
INFO:root:Data load success into table track_events_json
INFO:root:'load'  144680.80 ms
